---------------
Start caclulation with 1 iterations at Sat Sep 15 03:08:56 2012

---------------
---------------
End calculation at Sat Sep 15 03:08:57 2012

Done calculations in 1 s 0 m, 0 h
---------------
---------------
Start caclulation with 11 iterations at Sat Sep 15 03:08:57 2012

---------------
---------------
End calculation at Sat Sep 15 03:09:19 2012

Done calculations in 21 s 0 m, 0 h
---------------
---------------
Start caclulation with 1 iterations at Sat Sep 15 03:10:10 2012
End calculation at Sat Sep 15 03:10:12 2012

Done calculations in 1 s 0 m, 0 h
---------------
---------------
Start caclulation with 11 iterations at Sat Sep 15 03:10:12 2012
End calculation at Sat Sep 15 03:10:33 2012

Done calculations in 20 s 0 m, 0 h
---------------
---------------
Start caclulation with 21 iterations at Sat Sep 15 03:09:19 2012

---------------
---------------
Start caclulation with 21 iterations at Sat Sep 15 03:10:33 2012
---------------
Start caclulation with 1 iterations at Sat Sep 15 03:25:16 2012
End calculation at Sat Sep 15 03:25:16 2012

Done calculations in 0 s 0 m, 0 h
---------------
---------------
Start caclulation with 11 iterations at Sat Sep 15 03:25:16 2012
End calculation at Sat Sep 15 03:25:18 2012

Done calculations in 1 s 0 m, 0 h
---------------
---------------
Start caclulation with 21 iterations at Sat Sep 15 03:25:18 2012
End calculation at Sat Sep 15 03:25:22 2012

Done calculations in 3 s 0 m, 0 h
---------------
---------------
Start caclulation with 31 iterations at Sat Sep 15 03:25:22 2012
End calculation at Sat Sep 15 03:25:27 2012

Done calculations in 5 s 0 m, 0 h
---------------
---------------
Start caclulation with 41 iterations at Sat Sep 15 03:25:27 2012
End calculation at Sat Sep 15 03:25:34 2012

Done calculations in 6 s 0 m, 0 h
---------------
---------------
Start caclulation with 51 iterations at Sat Sep 15 03:25:34 2012
End calculation at Sat Sep 15 03:25:43 2012

Done calculations in 8 s 0 m, 0 h
---------------
---------------
Start caclulation with 61 iterations at Sat Sep 15 03:25:43 2012
End calculation at Sat Sep 15 03:25:53 2012

Done calculations in 10 s 0 m, 0 h
---------------
---------------
Start caclulation with 71 iterations at Sat Sep 15 03:25:53 2012
End calculation at Sat Sep 15 03:26:05 2012

Done calculations in 12 s 0 m, 0 h
---------------
---------------
Start caclulation with 81 iterations at Sat Sep 15 03:26:05 2012
End calculation at Sat Sep 15 03:26:19 2012

Done calculations in 14 s 0 m, 0 h
---------------
---------------
Start caclulation with 1 iterations at Sat Sep 15 03:26:36 2012
End calculation at Sat Sep 15 03:26:36 2012

Done calculations in 0 s 0 m, 0 h
---------------
---------------
Start caclulation with 11 iterations at Sat Sep 15 03:26:36 2012
End calculation at Sat Sep 15 03:26:38 2012

Done calculations in 1 s 0 m, 0 h
---------------
---------------
Start caclulation with 21 iterations at Sat Sep 15 03:26:38 2012
End calculation at Sat Sep 15 03:26:42 2012

Done calculations in 4 s 0 m, 0 h
---------------
---------------
Start caclulation with 31 iterations at Sat Sep 15 03:26:42 2012
End calculation at Sat Sep 15 03:26:49 2012

Done calculations in 6 s 0 m, 0 h
---------------
---------------
Start caclulation with 41 iterations at Sat Sep 15 03:26:49 2012
End calculation at Sat Sep 15 03:26:58 2012

Done calculations in 8 s 0 m, 0 h
---------------
---------------
Start caclulation with 51 iterations at Sat Sep 15 03:26:58 2012
End calculation at Sat Sep 15 03:27:09 2012

Done calculations in 11 s 0 m, 0 h
---------------
---------------
Start caclulation with 61 iterations at Sat Sep 15 03:27:09 2012
End calculation at Sat Sep 15 03:27:22 2012

Done calculations in 13 s 0 m, 0 h
---------------
---------------
Start caclulation with 71 iterations at Sat Sep 15 03:27:22 2012
End calculation at Sat Sep 15 03:27:38 2012

Done calculations in 15 s 0 m, 0 h
---------------
---------------
Start caclulation with 81 iterations at Sat Sep 15 03:27:38 2012
End calculation at Sat Sep 15 03:27:55 2012

Done calculations in 17 s 0 m, 0 h
---------------
---------------
Start caclulation with 91 iterations at Sat Sep 15 03:27:55 2012
End calculation at Sat Sep 15 03:28:15 2012

Found new minimum - 0.0300
Done calculations in 19 s 0 m, 0 h
---------------
---------------
Start caclulation with 101 iterations at Sat Sep 15 03:28:15 2012
End calculation at Sat Sep 15 03:28:38 2012

Done calculations in 22 s 0 m, 0 h
---------------
---------------
Start caclulation with 111 iterations at Sat Sep 15 03:28:38 2012
End calculation at Sat Sep 15 03:29:05 2012

Done calculations in 27 s 0 m, 0 h
---------------
---------------
Start caclulation with 121 iterations at Sat Sep 15 03:29:05 2012
End calculation at Sat Sep 15 03:29:34 2012

Done calculations in 28 s 0 m, 0 h
---------------
---------------
Start caclulation with 131 iterations at Sat Sep 15 03:29:34 2012
End calculation at Sat Sep 15 03:30:03 2012

Done calculations in 29 s 0 m, 0 h
---------------
---------------
Start caclulation with 141 iterations at Sat Sep 15 03:30:03 2012
End calculation at Sat Sep 15 03:30:33 2012

Done calculations in 30 s 0 m, 0 h
---------------
---------------
Start caclulation with 151 iterations at Sat Sep 15 03:30:33 2012
End calculation at Sat Sep 15 03:31:07 2012

Done calculations in 33 s 0 m, 0 h
---------------
---------------
Start caclulation with 161 iterations at Sat Sep 15 03:31:07 2012
End calculation at Sat Sep 15 03:31:42 2012

Done calculations in 35 s 0 m, 0 h
---------------
---------------
Start caclulation with 171 iterations at Sat Sep 15 03:31:42 2012
End calculation at Sat Sep 15 03:32:30 2012

Done calculations in 47 s 0 m, 0 h
---------------
---------------
Start caclulation with 181 iterations at Sat Sep 15 03:32:30 2012
End calculation at Sat Sep 15 03:33:30 2012

Done calculations in 0 s 1 m, 0 h
---------------
---------------
Start caclulation with 191 iterations at Sat Sep 15 03:33:30 2012
End calculation at Sat Sep 15 03:34:39 2012

Done calculations in 8 s 1 m, 0 h
---------------
---------------
Start caclulation with 201 iterations at Sat Sep 15 03:34:39 2012
End calculation at Sat Sep 15 03:35:30 2012

Done calculations in 50 s 0 m, 0 h
---------------
---------------
Start caclulation with 211 iterations at Sat Sep 15 03:35:30 2012
End calculation at Sat Sep 15 03:36:47 2012

Done calculations in 17 s 1 m, 0 h
---------------
---------------
Start caclulation with 221 iterations at Sat Sep 15 03:36:47 2012
End calculation at Sat Sep 15 03:38:10 2012

Done calculations in 22 s 1 m, 0 h
---------------
---------------
Start caclulation with 231 iterations at Sat Sep 15 03:38:10 2012
End calculation at Sat Sep 15 03:39:38 2012

Done calculations in 28 s 1 m, 0 h
---------------
---------------
Start caclulation with 241 iterations at Sat Sep 15 03:39:38 2012
End calculation at Sat Sep 15 03:41:02 2012

Done calculations in 23 s 1 m, 0 h
---------------
---------------
Start caclulation with 251 iterations at Sat Sep 15 03:41:02 2012
End calculation at Sat Sep 15 03:42:05 2012

Done calculations in 2 s 1 m, 0 h
---------------
---------------
Start caclulation with 261 iterations at Sat Sep 15 03:42:05 2012
End calculation at Sat Sep 15 03:43:11 2012

Done calculations in 6 s 1 m, 0 h
---------------
---------------
Start caclulation with 271 iterations at Sat Sep 15 03:43:11 2012
End calculation at Sat Sep 15 03:44:32 2012

Done calculations in 21 s 1 m, 0 h
---------------
---------------
Start caclulation with 281 iterations at Sat Sep 15 03:44:32 2012
End calculation at Sat Sep 15 03:46:33 2012

Done calculations in 1 s 2 m, 0 h
---------------
---------------
Start caclulation with 291 iterations at Sat Sep 15 03:46:33 2012
End calculation at Sat Sep 15 03:48:02 2012

Found new minimum - 0.0200
Done calculations in 28 s 1 m, 0 h
---------------
---------------
Start caclulation with 301 iterations at Sat Sep 15 03:48:02 2012
End calculation at Sat Sep 15 03:50:02 2012

Done calculations in 0 s 2 m, 0 h
---------------
---------------
Start caclulation with 311 iterations at Sat Sep 15 03:50:02 2012
End calculation at Sat Sep 15 03:52:14 2012

Done calculations in 12 s 2 m, 0 h
---------------
---------------
Start caclulation with 91 iterations at Sat Sep 15 03:26:19 2012
---------------
Start caclulation with 321 iterations at Sat Sep 15 03:52:14 2012
---------------
Start caclulation with 1 iterations at Thu Sep 20 20:08:45 2012
End calculation at Thu Sep 20 20:08:45 2012

Done calculations in 0 s 0 m, 0 h
---------------
---------------
Start caclulation with 11 iterations at Thu Sep 20 20:08:45 2012
End calculation at Thu Sep 20 20:08:46 2012

Done calculations in 0 s 0 m, 0 h
---------------
---------------
Start caclulation with 21 iterations at Thu Sep 20 20:08:46 2012
End calculation at Thu Sep 20 20:08:46 2012

Done calculations in 0 s 0 m, 0 h
---------------
---------------
Start caclulation with 31 iterations at Thu Sep 20 20:08:46 2012
End calculation at Thu Sep 20 20:08:47 2012

Done calculations in 0 s 0 m, 0 h
---------------
---------------
Start caclulation with 41 iterations at Thu Sep 20 20:08:47 2012
End calculation at Thu Sep 20 20:08:47 2012

Done calculations in 0 s 0 m, 0 h
---------------
---------------
Start caclulation with 51 iterations at Thu Sep 20 20:08:47 2012
End calculation at Thu Sep 20 20:08:48 2012

Done calculations in 0 s 0 m, 0 h
---------------
---------------
Start caclulation with 61 iterations at Thu Sep 20 20:08:48 2012
End calculation at Thu Sep 20 20:08:48 2012

Done calculations in 0 s 0 m, 0 h
---------------
---------------
Start caclulation with 71 iterations at Thu Sep 20 20:08:48 2012
End calculation at Thu Sep 20 20:08:49 2012

Done calculations in 0 s 0 m, 0 h
---------------
---------------
Start caclulation with 81 iterations at Thu Sep 20 20:08:49 2012
End calculation at Thu Sep 20 20:08:50 2012

Done calculations in 0 s 0 m, 0 h
---------------
---------------
Start caclulation with 91 iterations at Thu Sep 20 20:08:50 2012
End calculation at Thu Sep 20 20:08:50 2012

Done calculations in 0 s 0 m, 0 h
---------------
---------------
Start caclulation with 101 iterations at Thu Sep 20 20:08:50 2012
End calculation at Thu Sep 20 20:08:51 2012

Done calculations in 0 s 0 m, 0 h
---------------
---------------
Start caclulation with 111 iterations at Thu Sep 20 20:08:51 2012
End calculation at Thu Sep 20 20:08:52 2012

Done calculations in 0 s 0 m, 0 h
---------------
---------------
Start caclulation with 121 iterations at Thu Sep 20 20:08:52 2012
End calculation at Thu Sep 20 20:08:52 2012

Done calculations in 0 s 0 m, 0 h
---------------
---------------
Start caclulation with 131 iterations at Thu Sep 20 20:08:52 2012
End calculation at Thu Sep 20 20:08:52 2012

Done calculations in 0 s 0 m, 0 h
---------------
---------------
Start caclulation with 141 iterations at Thu Sep 20 20:08:52 2012
End calculation at Thu Sep 20 20:08:53 2012

Done calculations in 0 s 0 m, 0 h
---------------
---------------
Start caclulation with 151 iterations at Thu Sep 20 20:08:53 2012
End calculation at Thu Sep 20 20:08:54 2012

Done calculations in 0 s 0 m, 0 h
---------------
---------------
Start caclulation with 161 iterations at Thu Sep 20 20:08:54 2012
End calculation at Thu Sep 20 20:08:54 2012

Done calculations in 0 s 0 m, 0 h
---------------
---------------
Start caclulation with 171 iterations at Thu Sep 20 20:08:54 2012
End calculation at Thu Sep 20 20:08:55 2012

Done calculations in 0 s 0 m, 0 h
---------------
---------------
Start caclulation with 181 iterations at Thu Sep 20 20:08:55 2012
End calculation at Thu Sep 20 20:08:55 2012

Done calculations in 0 s 0 m, 0 h
---------------
---------------
Start caclulation with 191 iterations at Thu Sep 20 20:08:55 2012
End calculation at Thu Sep 20 20:08:56 2012

Done calculations in 0 s 0 m, 0 h
---------------
---------------
Start caclulation with 201 iterations at Thu Sep 20 20:08:56 2012
End calculation at Thu Sep 20 20:08:57 2012

Done calculations in 0 s 0 m, 0 h
---------------
---------------
Start caclulation with 211 iterations at Thu Sep 20 20:08:57 2012
End calculation at Thu Sep 20 20:08:57 2012

Done calculations in 0 s 0 m, 0 h
---------------
---------------
Start caclulation with 221 iterations at Thu Sep 20 20:08:57 2012
