---------------
Start caclulation with 1 iterations at Sat Sep 15 03:32:00 2012
End calculation at Sat Sep 15 03:33:25 2012

Found new minimum - 0.3800
Done calculations in 25 s 1 m, 0 h
---------------
---------------
Start caclulation with 11 iterations at Sat Sep 15 03:33:26 2012
End calculation at Sat Sep 15 03:50:01 2012

Found new minimum - 0.3745
Done calculations in 34 s 16 m, 0 h
---------------
---------------
Start caclulation with 1 iterations at Sat Sep 15 03:52:58 2012
End calculation at Sat Sep 15 03:55:44 2012

Found new minimum - 0.3730
Done calculations in 45 s 2 m, 0 h
---------------
---------------
Start caclulation with 1 iterations at Sat Sep 15 03:53:21 2012
End calculation at Sat Sep 15 03:56:21 2012

Done calculations in 0 s 3 m, 0 h
---------------
---------------
Start caclulation with 11 iterations at Sat Sep 15 03:56:21 2012
End calculation at Sat Sep 15 04:25:23 2012

Found new minimum - 0.3650
Done calculations in 1 s 29 m, 0 h
---------------
---------------
Start caclulation with 21 iterations at Sat Sep 15 04:25:23 2012
End calculation at Sat Sep 15 05:19:13 2012

Done calculations in 49 s 53 m, 0 h
---------------
---------------
Start caclulation with 31 iterations at Sat Sep 15 05:19:13 2012
End calculation at Sat Sep 15 06:39:36 2012

Done calculations in 22 s 20 m, 1 h
---------------
---------------
Start caclulation with 41 iterations at Sat Sep 15 06:39:37 2012
End calculation at Sat Sep 15 08:26:35 2012

Done calculations in 58 s 46 m, 1 h
---------------
---------------
Start caclulation with 51 iterations at Sat Sep 15 08:26:35 2012
End calculation at Sat Sep 15 10:44:13 2012

Found new minimum - 0.3530
Done calculations in 37 s 17 m, 2 h
---------------
---------------
Start caclulation with 1 iterations at Sat Sep 15 11:23:16 2012
End calculation at Sat Sep 15 11:24:52 2012

Done calculations in 36 s 1 m, 0 h
---------------
---------------
Start caclulation with 11 iterations at Sat Sep 15 11:24:53 2012
End calculation at Sat Sep 15 11:41:16 2012

Done calculations in 22 s 16 m, 0 h
---------------
---------------
Start caclulation with 21 iterations at Sat Sep 15 11:41:16 2012
End calculation at Sat Sep 15 12:12:28 2012

Done calculations in 11 s 31 m, 0 h
---------------
---------------
Start caclulation with 31 iterations at Sat Sep 15 12:12:28 2012
End calculation at Sat Sep 15 12:58:52 2012

Done calculations in 24 s 46 m, 0 h
---------------
---------------
Start caclulation with 41 iterations at Sat Sep 15 12:58:53 2012
End calculation at Sat Sep 15 14:00:41 2012

Done calculations in 48 s 1 m, 1 h
---------------
---------------
Start caclulation with 51 iterations at Sat Sep 15 14:00:41 2012
End calculation at Sat Sep 15 15:17:22 2012

Done calculations in 41 s 16 m, 1 h
---------------
---------------
Start caclulation with 61 iterations at Sat Sep 15 15:17:22 2012
End calculation at Sat Sep 15 16:48:13 2012

Found new minimum - 0.3420
Done calculations in 50 s 30 m, 1 h
---------------
---------------
Start caclulation with 71 iterations at Sat Sep 15 16:48:13 2012
End calculation at Sat Sep 15 18:33:47 2012

Done calculations in 33 s 45 m, 1 h
---------------
---------------
Start caclulation with 81 iterations at Sat Sep 15 18:33:47 2012
End calculation at Sat Sep 15 20:35:48 2012

Done calculations in 1 s 2 m, 2 h
---------------
---------------
Start caclulation with 91 iterations at Sat Sep 15 20:35:49 2012
End calculation at Sat Sep 15 22:53:28 2012

Done calculations in 39 s 17 m, 2 h
---------------
---------------
Start caclulation with 61 iterations at Sat Sep 15 10:44:14 2012
---------------
Start caclulation with 101 iterations at Sat Sep 15 22:53:28 2012
---------------
Start caclulation with 21 iterations at Sat Sep 15 03:50:01 2012
---------------
Start caclulation with 11 iterations at Sat Sep 15 03:55:45 2012
---------------
Start caclulation with 1 iterations at Tue Sep 18 23:31:15 2012
End calculation at Tue Sep 18 23:32:47 2012

Done calculations in 31 s 1 m, 0 h
---------------
---------------
Start caclulation with 1 iterations at Wed Sep 19 00:44:59 2012
End calculation at Wed Sep 19 00:45:23 2012

Found new minimum - 0.3205
Done calculations in 24 s 0 m, 0 h
---------------
---------------
Start caclulation with 11 iterations at Wed Sep 19 00:45:24 2012
End calculation at Wed Sep 19 00:49:43 2012

Found new minimum - 0.2890
Done calculations in 19 s 4 m, 0 h
---------------
---------------
Start caclulation with 10 iterations at Wed Sep 19 00:58:22 2012
End calculation at Wed Sep 19 00:59:36 2012

Found new minimum - 0.2715
Done calculations in 14 s 1 m, 0 h
---------------
---------------
Start caclulation with 10 iterations at Wed Sep 19 00:59:36 2012
End calculation at Wed Sep 19 01:01:00 2012

Done calculations in 24 s 1 m, 0 h
---------------
---------------
Start caclulation with 10 iterations at Wed Sep 19 01:01:00 2012
End calculation at Wed Sep 19 01:03:03 2012

Found new minimum - 0.2660
Done calculations in 2 s 2 m, 0 h
---------------
---------------
Start caclulation with 10 iterations at Wed Sep 19 01:03:03 2012
End calculation at Wed Sep 19 01:05:35 2012

Found new minimum - 0.1550
Done calculations in 31 s 2 m, 0 h
---------------
---------------
Start caclulation with 10 iterations at Wed Sep 19 01:05:42 2012
End calculation at Wed Sep 19 01:09:14 2012

Done calculations in 31 s 3 m, 0 h
---------------
---------------
Start caclulation with 10 iterations at Wed Sep 19 01:09:14 2012
End calculation at Wed Sep 19 01:12:03 2012

Done calculations in 49 s 2 m, 0 h
---------------
---------------
Start caclulation with 10 iterations at Wed Sep 19 01:12:03 2012
End calculation at Wed Sep 19 01:14:40 2012

Done calculations in 37 s 2 m, 0 h
---------------
---------------
Start caclulation with 10 iterations at Wed Sep 19 01:14:40 2012
End calculation at Wed Sep 19 01:17:44 2012

Done calculations in 3 s 3 m, 0 h
---------------
---------------
Start caclulation with 10 iterations at Wed Sep 19 01:17:44 2012
End calculation at Wed Sep 19 01:20:51 2012

Done calculations in 7 s 3 m, 0 h
---------------
---------------
Start caclulation with 10 iterations at Wed Sep 19 01:20:51 2012
End calculation at Wed Sep 19 01:24:42 2012

Done calculations in 50 s 3 m, 0 h
---------------
---------------
Start caclulation with 10 iterations at Wed Sep 19 01:24:42 2012
End calculation at Wed Sep 19 01:26:58 2012

Done calculations in 15 s 2 m, 0 h
---------------
---------------
Start caclulation with 10 iterations at Wed Sep 19 01:26:58 2012
End calculation at Wed Sep 19 01:30:11 2012

Done calculations in 13 s 3 m, 0 h
---------------
---------------
Start caclulation with 10 iterations at Wed Sep 19 01:30:11 2012
End calculation at Wed Sep 19 01:36:21 2012

Done calculations in 9 s 6 m, 0 h
---------------
---------------
Start caclulation with 10 iterations at Wed Sep 19 01:36:21 2012
End calculation at Wed Sep 19 01:40:43 2012

Done calculations in 22 s 4 m, 0 h
---------------
---------------
Start caclulation with 10 iterations at Wed Sep 19 01:40:43 2012
End calculation at Wed Sep 19 01:43:05 2012

Done calculations in 21 s 2 m, 0 h
---------------
---------------
Start caclulation with 10 iterations at Wed Sep 19 01:43:05 2012
End calculation at Wed Sep 19 01:45:13 2012

Done calculations in 7 s 2 m, 0 h
---------------
---------------
Start caclulation with 10 iterations at Wed Sep 19 01:45:13 2012
End calculation at Wed Sep 19 01:49:34 2012

Done calculations in 20 s 4 m, 0 h
---------------
---------------
Start caclulation with 10 iterations at Wed Sep 19 01:49:34 2012
End calculation at Wed Sep 19 01:53:02 2012

Done calculations in 28 s 3 m, 0 h
---------------
---------------
Start caclulation with 10 iterations at Wed Sep 19 01:53:02 2012
End calculation at Wed Sep 19 01:56:15 2012

Done calculations in 12 s 3 m, 0 h
---------------
---------------
Start caclulation with 10 iterations at Wed Sep 19 01:56:15 2012
End calculation at Wed Sep 19 01:58:49 2012

Done calculations in 33 s 2 m, 0 h
---------------
---------------
Start caclulation with 10 iterations at Wed Sep 19 01:58:49 2012
End calculation at Wed Sep 19 02:00:07 2012

Done calculations in 18 s 1 m, 0 h
---------------
---------------
Start caclulation with 10 iterations at Wed Sep 19 02:00:07 2012
End calculation at Wed Sep 19 02:01:18 2012

Done calculations in 10 s 1 m, 0 h
---------------
---------------
Start caclulation with 10 iterations at Wed Sep 19 02:01:18 2012
End calculation at Wed Sep 19 02:06:59 2012

Done calculations in 40 s 5 m, 0 h
---------------
---------------
Start caclulation with 10 iterations at Wed Sep 19 02:06:59 2012
End calculation at Wed Sep 19 02:09:11 2012

Found new minimum - 0.1515
Done calculations in 12 s 2 m, 0 h
---------------
---------------
Start caclulation with 10 iterations at Wed Sep 19 02:09:11 2012
End calculation at Wed Sep 19 02:14:24 2012

Done calculations in 12 s 5 m, 0 h
---------------
---------------
Start caclulation with 10 iterations at Wed Sep 19 02:14:24 2012
End calculation at Wed Sep 19 02:17:30 2012

Done calculations in 6 s 3 m, 0 h
---------------
---------------
Start caclulation with 10 iterations at Wed Sep 19 02:17:30 2012
End calculation at Wed Sep 19 02:19:39 2012

Done calculations in 8 s 2 m, 0 h
---------------
---------------
Start caclulation with 10 iterations at Wed Sep 19 02:19:39 2012
End calculation at Wed Sep 19 02:21:18 2012

Done calculations in 38 s 1 m, 0 h
---------------
---------------
Start caclulation with 10 iterations at Wed Sep 19 02:22:23 2012
End calculation at Wed Sep 19 02:25:43 2012

Done calculations in 19 s 3 m, 0 h
---------------
---------------
Start caclulation with 10 iterations at Wed Sep 19 02:25:43 2012
End calculation at Wed Sep 19 02:29:36 2012

Done calculations in 53 s 3 m, 0 h
---------------
---------------
Start caclulation with 10 iterations at Wed Sep 19 02:29:36 2012
End calculation at Wed Sep 19 02:33:17 2012

Done calculations in 40 s 3 m, 0 h
---------------
---------------
Start caclulation with 10 iterations at Wed Sep 19 02:33:17 2012
End calculation at Wed Sep 19 02:38:07 2012

Done calculations in 50 s 4 m, 0 h
---------------
---------------
Start caclulation with 10 iterations at Wed Sep 19 02:38:08 2012
End calculation at Wed Sep 19 02:41:17 2012

Done calculations in 9 s 3 m, 0 h
---------------
---------------
Start caclulation with 10 iterations at Wed Sep 19 02:41:17 2012
End calculation at Wed Sep 19 02:44:57 2012

Done calculations in 39 s 3 m, 0 h
---------------
---------------
Start caclulation with 10 iterations at Wed Sep 19 02:44:57 2012
End calculation at Wed Sep 19 02:47:59 2012

Done calculations in 2 s 3 m, 0 h
---------------
---------------
Start caclulation with 10 iterations at Wed Sep 19 02:47:59 2012
End calculation at Wed Sep 19 02:51:25 2012

Done calculations in 25 s 3 m, 0 h
---------------
---------------
Start caclulation with 10 iterations at Wed Sep 19 02:51:25 2012
End calculation at Wed Sep 19 02:56:17 2012

Done calculations in 51 s 4 m, 0 h
---------------
---------------
Start caclulation with 10 iterations at Wed Sep 19 02:56:17 2012
End calculation at Wed Sep 19 03:00:28 2012

Done calculations in 11 s 4 m, 0 h
---------------
---------------
Start caclulation with 10 iterations at Wed Sep 19 03:00:28 2012
End calculation at Wed Sep 19 03:05:43 2012

Done calculations in 14 s 5 m, 0 h
---------------
---------------
Start caclulation with 10 iterations at Wed Sep 19 03:05:43 2012
End calculation at Wed Sep 19 03:08:43 2012

Done calculations in 0 s 3 m, 0 h
---------------
---------------
Start caclulation with 10 iterations at Wed Sep 19 03:08:43 2012
End calculation at Wed Sep 19 03:11:05 2012

Done calculations in 21 s 2 m, 0 h
---------------
---------------
Start caclulation with 10 iterations at Wed Sep 19 03:11:05 2012
End calculation at Wed Sep 19 03:14:48 2012

Done calculations in 42 s 3 m, 0 h
---------------
---------------
Start caclulation with 10 iterations at Wed Sep 19 03:14:48 2012
End calculation at Wed Sep 19 03:18:34 2012

Done calculations in 46 s 3 m, 0 h
---------------
---------------
Start caclulation with 10 iterations at Wed Sep 19 03:18:34 2012
End calculation at Wed Sep 19 03:20:26 2012

Done calculations in 52 s 1 m, 0 h
---------------
---------------
Start caclulation with 10 iterations at Wed Sep 19 03:20:26 2012
End calculation at Wed Sep 19 03:22:19 2012

Done calculations in 52 s 1 m, 0 h
---------------
---------------
Start caclulation with 10 iterations at Wed Sep 19 03:22:19 2012
End calculation at Wed Sep 19 03:24:40 2012

Done calculations in 21 s 2 m, 0 h
---------------
---------------
Start caclulation with 10 iterations at Wed Sep 19 03:24:40 2012
End calculation at Wed Sep 19 03:27:23 2012

Done calculations in 42 s 2 m, 0 h
---------------
---------------
Start caclulation with 10 iterations at Wed Sep 19 03:27:23 2012
End calculation at Wed Sep 19 03:32:37 2012

Done calculations in 14 s 5 m, 0 h
---------------
---------------
Start caclulation with 10 iterations at Wed Sep 19 03:32:37 2012
End calculation at Wed Sep 19 03:37:10 2012

Done calculations in 32 s 4 m, 0 h
---------------
---------------
Start caclulation with 10 iterations at Wed Sep 19 03:37:10 2012
End calculation at Wed Sep 19 03:42:46 2012

Done calculations in 35 s 5 m, 0 h
---------------
---------------
Start caclulation with 10 iterations at Wed Sep 19 03:42:46 2012
End calculation at Wed Sep 19 03:48:22 2012

Done calculations in 36 s 5 m, 0 h
---------------
---------------
Start caclulation with 10 iterations at Wed Sep 19 03:48:23 2012
End calculation at Wed Sep 19 03:51:37 2012

Done calculations in 14 s 3 m, 0 h
---------------
---------------
Start caclulation with 10 iterations at Wed Sep 19 03:51:37 2012
End calculation at Wed Sep 19 03:54:16 2012

Done calculations in 39 s 2 m, 0 h
---------------
---------------
Start caclulation with 10 iterations at Wed Sep 19 03:54:16 2012
End calculation at Wed Sep 19 03:57:30 2012

Done calculations in 13 s 3 m, 0 h
---------------
---------------
Start caclulation with 10 iterations at Wed Sep 19 03:57:30 2012
End calculation at Wed Sep 19 04:00:04 2012

Done calculations in 33 s 2 m, 0 h
---------------
---------------
Start caclulation with 10 iterations at Wed Sep 19 04:00:04 2012
End calculation at Wed Sep 19 04:02:58 2012

Done calculations in 54 s 2 m, 0 h
---------------
---------------
Start caclulation with 10 iterations at Wed Sep 19 04:02:58 2012
End calculation at Wed Sep 19 04:08:53 2012

Done calculations in 55 s 5 m, 0 h
---------------
---------------
Start caclulation with 10 iterations at Wed Sep 19 04:08:53 2012
End calculation at Wed Sep 19 04:12:04 2012

Done calculations in 10 s 3 m, 0 h
---------------
---------------
Start caclulation with 10 iterations at Wed Sep 19 04:12:04 2012
End calculation at Wed Sep 19 04:16:47 2012

Done calculations in 43 s 4 m, 0 h
---------------
---------------
Start caclulation with 10 iterations at Wed Sep 19 04:16:47 2012
End calculation at Wed Sep 19 04:20:22 2012

Done calculations in 34 s 3 m, 0 h
---------------
---------------
Start caclulation with 10 iterations at Wed Sep 19 04:20:22 2012
End calculation at Wed Sep 19 04:26:27 2012

Done calculations in 4 s 6 m, 0 h
---------------
---------------
Start caclulation with 10 iterations at Wed Sep 19 04:26:27 2012
End calculation at Wed Sep 19 04:30:12 2012

Done calculations in 45 s 3 m, 0 h
---------------
---------------
Start caclulation with 10 iterations at Wed Sep 19 04:30:12 2012
End calculation at Wed Sep 19 04:35:42 2012

Done calculations in 30 s 5 m, 0 h
---------------
---------------
Start caclulation with 10 iterations at Wed Sep 19 04:35:42 2012
End calculation at Wed Sep 19 04:41:43 2012

Done calculations in 0 s 6 m, 0 h
---------------
---------------
Start caclulation with 10 iterations at Wed Sep 19 04:41:43 2012
End calculation at Wed Sep 19 04:47:53 2012

Done calculations in 10 s 6 m, 0 h
---------------
---------------
Start caclulation with 10 iterations at Wed Sep 19 04:47:53 2012
End calculation at Wed Sep 19 04:52:37 2012

Done calculations in 43 s 4 m, 0 h
---------------
---------------
Start caclulation with 10 iterations at Wed Sep 19 04:52:37 2012
End calculation at Wed Sep 19 04:56:25 2012

Done calculations in 47 s 3 m, 0 h
---------------
---------------
Start caclulation with 10 iterations at Wed Sep 19 04:56:25 2012
End calculation at Wed Sep 19 05:00:11 2012

Done calculations in 46 s 3 m, 0 h
---------------
---------------
Start caclulation with 10 iterations at Wed Sep 19 05:00:11 2012
End calculation at Wed Sep 19 05:02:06 2012

Done calculations in 55 s 1 m, 0 h
---------------
---------------
Start caclulation with 10 iterations at Wed Sep 19 05:02:06 2012
End calculation at Wed Sep 19 05:03:26 2012

Done calculations in 19 s 1 m, 0 h
---------------
---------------
Start caclulation with 10 iterations at Wed Sep 19 05:03:26 2012
End calculation at Wed Sep 19 05:04:42 2012

Done calculations in 16 s 1 m, 0 h
---------------
---------------
Start caclulation with 10 iterations at Wed Sep 19 05:04:42 2012
End calculation at Wed Sep 19 05:07:59 2012

Done calculations in 16 s 3 m, 0 h
---------------
---------------
Start caclulation with 10 iterations at Wed Sep 19 05:07:59 2012
End calculation at Wed Sep 19 05:10:09 2012

Done calculations in 10 s 2 m, 0 h
---------------
---------------
Start caclulation with 10 iterations at Wed Sep 19 05:10:09 2012
End calculation at Wed Sep 19 05:15:32 2012

Done calculations in 22 s 5 m, 0 h
---------------
---------------
Start caclulation with 10 iterations at Wed Sep 19 05:15:32 2012
End calculation at Wed Sep 19 05:18:58 2012

Done calculations in 26 s 3 m, 0 h
---------------
---------------
Start caclulation with 10 iterations at Wed Sep 19 05:18:58 2012
End calculation at Wed Sep 19 05:25:17 2012

Done calculations in 18 s 6 m, 0 h
---------------
---------------
Start caclulation with 10 iterations at Wed Sep 19 05:25:17 2012
End calculation at Wed Sep 19 05:28:23 2012

Done calculations in 5 s 3 m, 0 h
---------------
---------------
Start caclulation with 10 iterations at Wed Sep 19 05:28:23 2012
End calculation at Wed Sep 19 05:34:36 2012

Done calculations in 13 s 6 m, 0 h
---------------
---------------
Start caclulation with 10 iterations at Wed Sep 19 05:34:36 2012
End calculation at Wed Sep 19 05:38:17 2012

Done calculations in 41 s 3 m, 0 h
---------------
---------------
Start caclulation with 10 iterations at Wed Sep 19 05:38:17 2012
End calculation at Wed Sep 19 05:41:50 2012

Done calculations in 33 s 3 m, 0 h
---------------
---------------
Start caclulation with 10 iterations at Wed Sep 19 05:41:51 2012
End calculation at Wed Sep 19 05:45:51 2012

Done calculations in 0 s 4 m, 0 h
---------------
---------------
Start caclulation with 10 iterations at Wed Sep 19 05:45:51 2012
End calculation at Wed Sep 19 05:51:28 2012

Done calculations in 36 s 5 m, 0 h
---------------
---------------
Start caclulation with 10 iterations at Wed Sep 19 05:51:28 2012
End calculation at Wed Sep 19 05:56:23 2012

Done calculations in 54 s 4 m, 0 h
---------------
---------------
Start caclulation with 10 iterations at Wed Sep 19 05:56:23 2012
End calculation at Wed Sep 19 06:00:11 2012

Done calculations in 48 s 3 m, 0 h
---------------
---------------
Start caclulation with 10 iterations at Wed Sep 19 06:00:11 2012
End calculation at Wed Sep 19 06:04:52 2012

Done calculations in 40 s 4 m, 0 h
---------------
---------------
Start caclulation with 10 iterations at Wed Sep 19 06:04:52 2012
End calculation at Wed Sep 19 06:07:43 2012

Done calculations in 51 s 2 m, 0 h
---------------
---------------
Start caclulation with 10 iterations at Wed Sep 19 06:07:43 2012
End calculation at Wed Sep 19 06:13:46 2012

Done calculations in 2 s 6 m, 0 h
---------------
---------------
Start caclulation with 10 iterations at Wed Sep 19 06:13:46 2012
End calculation at Wed Sep 19 06:17:24 2012

Done calculations in 37 s 3 m, 0 h
---------------
---------------
Start caclulation with 10 iterations at Wed Sep 19 06:17:24 2012
End calculation at Wed Sep 19 06:20:32 2012

Done calculations in 7 s 3 m, 0 h
---------------
---------------
Start caclulation with 10 iterations at Wed Sep 19 06:20:32 2012
End calculation at Wed Sep 19 06:25:50 2012

Done calculations in 18 s 5 m, 0 h
---------------
---------------
Start caclulation with 10 iterations at Wed Sep 19 06:25:50 2012
End calculation at Wed Sep 19 06:29:23 2012

Done calculations in 33 s 3 m, 0 h
---------------
---------------
Start caclulation with 10 iterations at Wed Sep 19 06:29:24 2012
End calculation at Wed Sep 19 06:33:36 2012

Done calculations in 12 s 4 m, 0 h
---------------
---------------
Start caclulation with 10 iterations at Wed Sep 19 06:33:36 2012
End calculation at Wed Sep 19 06:37:31 2012

Done calculations in 54 s 3 m, 0 h
---------------
---------------
Start caclulation with 10 iterations at Wed Sep 19 06:37:31 2012
End calculation at Wed Sep 19 06:40:10 2012

Done calculations in 39 s 2 m, 0 h
---------------
---------------
Start caclulation with 10 iterations at Wed Sep 19 06:40:10 2012
End calculation at Wed Sep 19 06:44:10 2012

Done calculations in 59 s 3 m, 0 h
---------------
---------------
Start caclulation with 10 iterations at Wed Sep 19 06:44:10 2012
End calculation at Wed Sep 19 06:48:04 2012

Done calculations in 53 s 3 m, 0 h
---------------
---------------
Start caclulation with 10 iterations at Wed Sep 19 06:48:04 2012
End calculation at Wed Sep 19 06:50:29 2012

Done calculations in 25 s 2 m, 0 h
---------------
---------------
Start caclulation with 10 iterations at Wed Sep 19 06:50:29 2012
End calculation at Wed Sep 19 06:55:51 2012

Done calculations in 22 s 5 m, 0 h
---------------
---------------
Start caclulation with 10 iterations at Wed Sep 19 06:55:51 2012
End calculation at Wed Sep 19 06:59:06 2012

Done calculations in 14 s 3 m, 0 h
---------------
---------------
Start caclulation with 10 iterations at Wed Sep 19 06:59:06 2012
End calculation at Wed Sep 19 07:04:00 2012

Done calculations in 54 s 4 m, 0 h
---------------
---------------
Start caclulation with 10 iterations at Wed Sep 19 07:04:00 2012
End calculation at Wed Sep 19 07:10:10 2012

Done calculations in 9 s 6 m, 0 h
---------------
---------------
Start caclulation with 10 iterations at Wed Sep 19 07:10:10 2012
End calculation at Wed Sep 19 07:15:13 2012

Done calculations in 3 s 5 m, 0 h
---------------
---------------
Start caclulation with 10 iterations at Wed Sep 19 07:15:13 2012
End calculation at Wed Sep 19 07:18:23 2012

Done calculations in 10 s 3 m, 0 h
---------------
---------------
Start caclulation with 10 iterations at Wed Sep 19 07:18:23 2012
End calculation at Wed Sep 19 07:21:15 2012

Done calculations in 52 s 2 m, 0 h
---------------
---------------
Start caclulation with 10 iterations at Wed Sep 19 07:21:15 2012
End calculation at Wed Sep 19 07:24:21 2012

Done calculations in 6 s 3 m, 0 h
---------------
---------------
Start caclulation with 10 iterations at Wed Sep 19 07:24:21 2012
End calculation at Wed Sep 19 07:26:23 2012

Done calculations in 1 s 2 m, 0 h
---------------
---------------
Start caclulation with 10 iterations at Wed Sep 19 07:26:23 2012
End calculation at Wed Sep 19 07:29:55 2012

Done calculations in 31 s 3 m, 0 h
---------------
---------------
Start caclulation with 10 iterations at Wed Sep 19 07:29:55 2012
End calculation at Wed Sep 19 07:33:24 2012

Done calculations in 29 s 3 m, 0 h
---------------
---------------
Start caclulation with 10 iterations at Wed Sep 19 07:33:24 2012
End calculation at Wed Sep 19 07:35:32 2012

Done calculations in 7 s 2 m, 0 h
---------------
---------------
Start caclulation with 10 iterations at Wed Sep 19 07:35:32 2012
End calculation at Wed Sep 19 07:39:07 2012

Done calculations in 34 s 3 m, 0 h
---------------
---------------
Start caclulation with 10 iterations at Wed Sep 19 07:39:07 2012
End calculation at Wed Sep 19 07:45:04 2012

Done calculations in 57 s 5 m, 0 h
---------------
---------------
Start caclulation with 10 iterations at Wed Sep 19 07:45:04 2012
End calculation at Wed Sep 19 07:48:39 2012

Done calculations in 34 s 3 m, 0 h
---------------
---------------
Start caclulation with 10 iterations at Wed Sep 19 07:48:39 2012
End calculation at Wed Sep 19 07:52:55 2012

Done calculations in 16 s 4 m, 0 h
---------------
---------------
Start caclulation with 10 iterations at Wed Sep 19 07:52:56 2012
End calculation at Wed Sep 19 07:59:20 2012

Done calculations in 24 s 6 m, 0 h
---------------
---------------
Start caclulation with 10 iterations at Wed Sep 19 07:59:20 2012
End calculation at Wed Sep 19 08:01:42 2012

Done calculations in 22 s 2 m, 0 h
---------------
---------------
Start caclulation with 10 iterations at Wed Sep 19 08:01:43 2012
End calculation at Wed Sep 19 08:08:10 2012

Done calculations in 27 s 6 m, 0 h
---------------
---------------
Start caclulation with 10 iterations at Wed Sep 19 08:08:10 2012
End calculation at Wed Sep 19 08:11:23 2012

Done calculations in 12 s 3 m, 0 h
---------------
---------------
Start caclulation with 10 iterations at Wed Sep 19 08:11:23 2012
End calculation at Wed Sep 19 08:13:57 2012

Done calculations in 33 s 2 m, 0 h
---------------
---------------
Start caclulation with 10 iterations at Wed Sep 19 08:13:57 2012
End calculation at Wed Sep 19 08:17:43 2012

Done calculations in 45 s 3 m, 0 h
---------------
---------------
Start caclulation with 10 iterations at Wed Sep 19 08:17:43 2012
End calculation at Wed Sep 19 08:23:34 2012

Done calculations in 50 s 5 m, 0 h
---------------
---------------
Start caclulation with 10 iterations at Wed Sep 19 08:23:34 2012
End calculation at Wed Sep 19 08:26:23 2012

Done calculations in 49 s 2 m, 0 h
---------------
---------------
Start caclulation with 10 iterations at Wed Sep 19 08:26:23 2012
End calculation at Wed Sep 19 08:29:28 2012

Done calculations in 4 s 3 m, 0 h
---------------
---------------
Start caclulation with 10 iterations at Wed Sep 19 08:29:28 2012
End calculation at Wed Sep 19 08:34:04 2012

Done calculations in 36 s 4 m, 0 h
---------------
---------------
Start caclulation with 10 iterations at Wed Sep 19 08:34:05 2012
End calculation at Wed Sep 19 08:38:17 2012

Done calculations in 12 s 4 m, 0 h
---------------
---------------
Start caclulation with 10 iterations at Wed Sep 19 08:38:17 2012
End calculation at Wed Sep 19 08:40:19 2012

Done calculations in 1 s 2 m, 0 h
---------------
---------------
Start caclulation with 10 iterations at Wed Sep 19 08:40:19 2012
End calculation at Wed Sep 19 08:43:12 2012

Done calculations in 53 s 2 m, 0 h
---------------
---------------
Start caclulation with 10 iterations at Wed Sep 19 08:43:12 2012
End calculation at Wed Sep 19 08:45:32 2012

Done calculations in 20 s 2 m, 0 h
---------------
---------------
Start caclulation with 10 iterations at Wed Sep 19 08:45:32 2012
End calculation at Wed Sep 19 08:49:28 2012

Done calculations in 56 s 3 m, 0 h
---------------
---------------
Start caclulation with 10 iterations at Wed Sep 19 08:49:29 2012
End calculation at Wed Sep 19 08:54:47 2012

Done calculations in 18 s 5 m, 0 h
---------------
---------------
Start caclulation with 10 iterations at Wed Sep 19 08:54:47 2012
End calculation at Wed Sep 19 08:59:44 2012

Done calculations in 57 s 4 m, 0 h
---------------
---------------
Start caclulation with 10 iterations at Wed Sep 19 08:59:44 2012
End calculation at Wed Sep 19 09:05:21 2012

Done calculations in 37 s 5 m, 0 h
---------------
---------------
Start caclulation with 10 iterations at Wed Sep 19 09:05:22 2012
End calculation at Wed Sep 19 09:08:16 2012

Done calculations in 54 s 2 m, 0 h
---------------
---------------
Start caclulation with 10 iterations at Wed Sep 19 09:08:16 2012
End calculation at Wed Sep 19 09:12:42 2012

Done calculations in 26 s 4 m, 0 h
---------------
---------------
Start caclulation with 10 iterations at Wed Sep 19 09:12:42 2012
End calculation at Wed Sep 19 09:16:45 2012

Done calculations in 2 s 4 m, 0 h
---------------
---------------
Start caclulation with 10 iterations at Wed Sep 19 09:16:45 2012
End calculation at Wed Sep 19 09:20:15 2012

Done calculations in 30 s 3 m, 0 h
---------------
---------------
Start caclulation with 10 iterations at Wed Sep 19 09:20:15 2012
End calculation at Wed Sep 19 09:25:15 2012

Done calculations in 59 s 4 m, 0 h
---------------
---------------
Start caclulation with 10 iterations at Wed Sep 19 09:25:15 2012
End calculation at Wed Sep 19 09:33:28 2012

Done calculations in 13 s 8 m, 0 h
---------------
---------------
Start caclulation with 10 iterations at Wed Sep 19 09:33:28 2012
End calculation at Wed Sep 19 09:34:49 2012

Done calculations in 20 s 1 m, 0 h
---------------
---------------
Start caclulation with 10 iterations at Wed Sep 19 09:34:49 2012
End calculation at Wed Sep 19 09:39:17 2012

Done calculations in 27 s 4 m, 0 h
---------------
---------------
Start caclulation with 10 iterations at Wed Sep 19 09:39:17 2012
End calculation at Wed Sep 19 09:43:42 2012

Done calculations in 24 s 4 m, 0 h
---------------
---------------
Start caclulation with 10 iterations at Wed Sep 19 09:43:42 2012
End calculation at Wed Sep 19 09:47:01 2012

Done calculations in 18 s 3 m, 0 h
---------------
---------------
Start caclulation with 10 iterations at Wed Sep 19 09:47:01 2012
End calculation at Wed Sep 19 09:52:36 2012

Done calculations in 35 s 5 m, 0 h
---------------
---------------
Start caclulation with 10 iterations at Wed Sep 19 09:52:36 2012
End calculation at Wed Sep 19 09:58:13 2012

Done calculations in 37 s 5 m, 0 h
---------------
---------------
Start caclulation with 10 iterations at Wed Sep 19 09:58:13 2012
End calculation at Wed Sep 19 10:02:44 2012

Done calculations in 30 s 4 m, 0 h
---------------
---------------
Start caclulation with 10 iterations at Wed Sep 19 10:02:44 2012
End calculation at Wed Sep 19 10:08:36 2012

Done calculations in 51 s 5 m, 0 h
---------------
---------------
Start caclulation with 10 iterations at Wed Sep 19 10:08:36 2012
End calculation at Wed Sep 19 10:13:29 2012

Done calculations in 53 s 4 m, 0 h
---------------
---------------
Start caclulation with 10 iterations at Wed Sep 19 10:13:29 2012
End calculation at Wed Sep 19 10:16:28 2012

Done calculations in 58 s 2 m, 0 h
---------------
---------------
Start caclulation with 10 iterations at Wed Sep 19 10:16:28 2012
End calculation at Wed Sep 19 10:23:21 2012

Done calculations in 52 s 6 m, 0 h
---------------
---------------
Start caclulation with 10 iterations at Wed Sep 19 10:23:21 2012
End calculation at Wed Sep 19 10:29:00 2012

Done calculations in 39 s 5 m, 0 h
---------------
---------------
Start caclulation with 10 iterations at Wed Sep 19 10:29:00 2012
End calculation at Wed Sep 19 10:34:33 2012

Done calculations in 33 s 5 m, 0 h
---------------
---------------
Start caclulation with 10 iterations at Wed Sep 19 10:34:33 2012
End calculation at Wed Sep 19 10:36:40 2012

Done calculations in 6 s 2 m, 0 h
---------------
---------------
Start caclulation with 10 iterations at Wed Sep 19 10:36:40 2012
End calculation at Wed Sep 19 10:39:31 2012

Done calculations in 51 s 2 m, 0 h
---------------
---------------
Start caclulation with 10 iterations at Wed Sep 19 10:39:31 2012
End calculation at Wed Sep 19 10:41:49 2012

Done calculations in 17 s 2 m, 0 h
---------------
---------------
Start caclulation with 10 iterations at Wed Sep 19 10:41:49 2012
End calculation at Wed Sep 19 10:43:13 2012

Done calculations in 23 s 1 m, 0 h
---------------
---------------
Start caclulation with 10 iterations at Wed Sep 19 10:43:13 2012
End calculation at Wed Sep 19 10:44:31 2012

Done calculations in 18 s 1 m, 0 h
---------------
---------------
Start caclulation with 10 iterations at Wed Sep 19 10:44:32 2012
End calculation at Wed Sep 19 10:48:11 2012

Done calculations in 39 s 3 m, 0 h
---------------
---------------
Start caclulation with 10 iterations at Wed Sep 19 10:48:11 2012
End calculation at Wed Sep 19 10:50:58 2012

Done calculations in 46 s 2 m, 0 h
---------------
---------------
Start caclulation with 10 iterations at Wed Sep 19 10:50:58 2012
End calculation at Wed Sep 19 10:54:59 2012

Done calculations in 0 s 4 m, 0 h
---------------
---------------
Start caclulation with 10 iterations at Wed Sep 19 10:54:59 2012
End calculation at Wed Sep 19 10:57:50 2012

Done calculations in 51 s 2 m, 0 h
---------------
---------------
Start caclulation with 10 iterations at Wed Sep 19 10:57:50 2012
End calculation at Wed Sep 19 11:01:59 2012

Done calculations in 9 s 4 m, 0 h
---------------
---------------
Start caclulation with 10 iterations at Wed Sep 19 11:02:00 2012
End calculation at Wed Sep 19 11:05:21 2012

Done calculations in 21 s 3 m, 0 h
---------------
---------------
Start caclulation with 10 iterations at Wed Sep 19 11:05:21 2012
End calculation at Wed Sep 19 11:07:11 2012

Done calculations in 50 s 1 m, 0 h
---------------
---------------
Start caclulation with 10 iterations at Wed Sep 19 11:07:11 2012
End calculation at Wed Sep 19 11:11:44 2012

Done calculations in 32 s 4 m, 0 h
---------------
---------------
Start caclulation with 10 iterations at Wed Sep 19 11:11:44 2012
End calculation at Wed Sep 19 11:14:27 2012

Done calculations in 43 s 2 m, 0 h
---------------
---------------
Start caclulation with 10 iterations at Wed Sep 19 11:14:27 2012
End calculation at Wed Sep 19 11:17:15 2012

Done calculations in 47 s 2 m, 0 h
---------------
---------------
Start caclulation with 10 iterations at Wed Sep 19 11:17:15 2012
End calculation at Wed Sep 19 11:22:04 2012

Done calculations in 49 s 4 m, 0 h
---------------
---------------
Start caclulation with 10 iterations at Wed Sep 19 11:22:04 2012
End calculation at Wed Sep 19 11:26:13 2012

Done calculations in 8 s 4 m, 0 h
---------------
---------------
Start caclulation with 10 iterations at Wed Sep 19 11:26:13 2012
End calculation at Wed Sep 19 11:29:35 2012

Done calculations in 21 s 3 m, 0 h
---------------
---------------
Start caclulation with 10 iterations at Wed Sep 19 11:29:35 2012
End calculation at Wed Sep 19 11:31:26 2012

Done calculations in 50 s 1 m, 0 h
---------------
---------------
Start caclulation with 10 iterations at Wed Sep 19 11:31:26 2012
End calculation at Wed Sep 19 11:35:20 2012

Done calculations in 54 s 3 m, 0 h
---------------
---------------
Start caclulation with 10 iterations at Wed Sep 19 11:35:21 2012
End calculation at Wed Sep 19 11:38:03 2012

Done calculations in 41 s 2 m, 0 h
---------------
---------------
Start caclulation with 10 iterations at Wed Sep 19 11:38:03 2012
End calculation at Wed Sep 19 11:42:51 2012

Done calculations in 48 s 4 m, 0 h
---------------
---------------
Start caclulation with 10 iterations at Wed Sep 19 11:42:51 2012
End calculation at Wed Sep 19 11:48:19 2012

Done calculations in 27 s 5 m, 0 h
---------------
---------------
Start caclulation with 10 iterations at Wed Sep 19 11:48:19 2012
End calculation at Wed Sep 19 11:52:27 2012

Done calculations in 8 s 4 m, 0 h
---------------
---------------
Start caclulation with 10 iterations at Wed Sep 19 11:52:27 2012
End calculation at Wed Sep 19 11:57:07 2012

Done calculations in 39 s 4 m, 0 h
---------------
---------------
Start caclulation with 10 iterations at Wed Sep 19 11:57:07 2012
End calculation at Wed Sep 19 11:58:14 2012

Done calculations in 7 s 1 m, 0 h
---------------
---------------
Start caclulation with 10 iterations at Wed Sep 19 11:58:14 2012
End calculation at Wed Sep 19 12:02:00 2012

Done calculations in 46 s 3 m, 0 h
---------------
---------------
Start caclulation with 10 iterations at Wed Sep 19 12:02:00 2012
End calculation at Wed Sep 19 12:05:53 2012

Done calculations in 52 s 3 m, 0 h
---------------
---------------
Start caclulation with 10 iterations at Wed Sep 19 12:05:53 2012
End calculation at Wed Sep 19 12:09:42 2012

Done calculations in 48 s 3 m, 0 h
---------------
---------------
Start caclulation with 10 iterations at Wed Sep 19 12:09:42 2012
End calculation at Wed Sep 19 12:13:01 2012

Done calculations in 18 s 3 m, 0 h
---------------
---------------
Start caclulation with 10 iterations at Wed Sep 19 12:13:01 2012
End calculation at Wed Sep 19 12:16:51 2012

Done calculations in 49 s 3 m, 0 h
---------------
---------------
Start caclulation with 10 iterations at Wed Sep 19 12:16:51 2012
End calculation at Wed Sep 19 12:19:25 2012

Done calculations in 34 s 2 m, 0 h
---------------
---------------
Start caclulation with 10 iterations at Wed Sep 19 12:19:25 2012
End calculation at Wed Sep 19 12:22:53 2012

Done calculations in 27 s 3 m, 0 h
---------------
---------------
Start caclulation with 10 iterations at Wed Sep 19 12:22:53 2012
End calculation at Wed Sep 19 12:26:47 2012

Done calculations in 54 s 3 m, 0 h
---------------
---------------
Start caclulation with 10 iterations at Wed Sep 19 12:26:47 2012
End calculation at Wed Sep 19 12:30:12 2012

Done calculations in 25 s 3 m, 0 h
---------------
---------------
Start caclulation with 10 iterations at Wed Sep 19 12:30:13 2012
End calculation at Wed Sep 19 12:34:14 2012

Done calculations in 1 s 4 m, 0 h
---------------
---------------
Start caclulation with 10 iterations at Wed Sep 19 12:34:14 2012
End calculation at Wed Sep 19 12:37:17 2012

Done calculations in 3 s 3 m, 0 h
---------------
---------------
Start caclulation with 10 iterations at Wed Sep 19 12:37:17 2012
End calculation at Wed Sep 19 12:40:56 2012

Done calculations in 38 s 3 m, 0 h
---------------
---------------
Start caclulation with 10 iterations at Wed Sep 19 12:40:56 2012
End calculation at Wed Sep 19 12:46:34 2012

Done calculations in 37 s 5 m, 0 h
---------------
---------------
Start caclulation with 10 iterations at Wed Sep 19 12:46:34 2012
End calculation at Wed Sep 19 12:51:21 2012

Done calculations in 47 s 4 m, 0 h
---------------
---------------
Start caclulation with 10 iterations at Wed Sep 19 12:51:21 2012
End calculation at Wed Sep 19 12:55:14 2012

Done calculations in 53 s 3 m, 0 h
---------------
---------------
Start caclulation with 10 iterations at Wed Sep 19 12:55:14 2012
End calculation at Wed Sep 19 13:00:01 2012

Done calculations in 46 s 4 m, 0 h
---------------
---------------
Start caclulation with 10 iterations at Wed Sep 19 13:00:01 2012
End calculation at Wed Sep 19 13:06:39 2012

Done calculations in 37 s 6 m, 0 h
---------------
---------------
Start caclulation with 10 iterations at Wed Sep 19 13:06:39 2012
End calculation at Wed Sep 19 13:07:46 2012

Done calculations in 7 s 1 m, 0 h
---------------
---------------
Start caclulation with 10 iterations at Wed Sep 19 13:07:46 2012
End calculation at Wed Sep 19 13:11:37 2012

Done calculations in 50 s 3 m, 0 h
---------------
---------------
Start caclulation with 10 iterations at Wed Sep 19 13:11:37 2012
End calculation at Wed Sep 19 13:14:41 2012

Done calculations in 4 s 3 m, 0 h
---------------
---------------
Start caclulation with 10 iterations at Wed Sep 19 13:14:42 2012
End calculation at Wed Sep 19 13:18:19 2012

Done calculations in 37 s 3 m, 0 h
---------------
---------------
Start caclulation with 10 iterations at Wed Sep 19 13:18:19 2012
End calculation at Wed Sep 19 13:23:09 2012

Done calculations in 49 s 4 m, 0 h
---------------
---------------
Start caclulation with 10 iterations at Wed Sep 19 13:23:09 2012
End calculation at Wed Sep 19 13:27:08 2012

Done calculations in 58 s 3 m, 0 h
---------------
---------------
Start caclulation with 10 iterations at Wed Sep 19 13:27:08 2012
End calculation at Wed Sep 19 13:33:17 2012

Done calculations in 8 s 6 m, 0 h
---------------
---------------
Start caclulation with 10 iterations at Wed Sep 19 13:33:17 2012
End calculation at Wed Sep 19 13:36:46 2012

Done calculations in 29 s 3 m, 0 h
---------------
---------------
Start caclulation with 10 iterations at Wed Sep 19 13:36:46 2012
End calculation at Wed Sep 19 13:40:35 2012

Done calculations in 49 s 3 m, 0 h
---------------
---------------
Start caclulation with 10 iterations at Wed Sep 19 13:40:35 2012
End calculation at Wed Sep 19 13:42:24 2012

Done calculations in 49 s 1 m, 0 h
---------------
---------------
Start caclulation with 10 iterations at Wed Sep 19 13:42:25 2012
End calculation at Wed Sep 19 13:47:15 2012

Done calculations in 50 s 4 m, 0 h
---------------
---------------
Start caclulation with 10 iterations at Wed Sep 19 13:47:15 2012
End calculation at Wed Sep 19 13:50:17 2012

Done calculations in 2 s 3 m, 0 h
---------------
---------------
Start caclulation with 10 iterations at Wed Sep 19 13:50:17 2012
End calculation at Wed Sep 19 13:53:01 2012

Done calculations in 44 s 2 m, 0 h
---------------
---------------
Start caclulation with 10 iterations at Wed Sep 19 13:53:02 2012
End calculation at Wed Sep 19 13:56:06 2012

Done calculations in 3 s 3 m, 0 h
---------------
---------------
Start caclulation with 10 iterations at Wed Sep 19 13:56:06 2012
End calculation at Wed Sep 19 13:57:14 2012

Done calculations in 8 s 1 m, 0 h
---------------
---------------
Start caclulation with 10 iterations at Wed Sep 19 13:57:14 2012
End calculation at Wed Sep 19 14:03:11 2012

Done calculations in 56 s 5 m, 0 h
---------------
---------------
Start caclulation with 10 iterations at Wed Sep 19 14:03:11 2012
End calculation at Wed Sep 19 14:07:34 2012

Done calculations in 22 s 4 m, 0 h
---------------
---------------
Start caclulation with 10 iterations at Wed Sep 19 14:07:34 2012
End calculation at Wed Sep 19 14:11:01 2012

Done calculations in 27 s 3 m, 0 h
---------------
---------------
Start caclulation with 10 iterations at Wed Sep 19 14:11:01 2012
End calculation at Wed Sep 19 14:15:38 2012

Done calculations in 36 s 4 m, 0 h
---------------
---------------
Start caclulation with 10 iterations at Wed Sep 19 14:15:38 2012
End calculation at Wed Sep 19 14:20:24 2012

Done calculations in 45 s 4 m, 0 h
---------------
---------------
Start caclulation with 10 iterations at Wed Sep 19 14:20:24 2012
End calculation at Wed Sep 19 14:21:43 2012

Done calculations in 18 s 1 m, 0 h
---------------
---------------
Start caclulation with 10 iterations at Wed Sep 19 14:21:43 2012
End calculation at Wed Sep 19 14:23:40 2012

Done calculations in 56 s 1 m, 0 h
---------------
---------------
Start caclulation with 10 iterations at Wed Sep 19 14:23:40 2012
End calculation at Wed Sep 19 14:24:49 2012

Done calculations in 9 s 1 m, 0 h
---------------
---------------
Start caclulation with 10 iterations at Wed Sep 19 14:24:49 2012
End calculation at Wed Sep 19 14:26:34 2012

Done calculations in 45 s 1 m, 0 h
---------------
---------------
Start caclulation with 10 iterations at Wed Sep 19 14:26:34 2012
End calculation at Wed Sep 19 14:30:12 2012

Done calculations in 37 s 3 m, 0 h
---------------
---------------
Start caclulation with 10 iterations at Wed Sep 19 14:30:12 2012
End calculation at Wed Sep 19 14:34:22 2012

Done calculations in 10 s 4 m, 0 h
---------------
---------------
Start caclulation with 10 iterations at Wed Sep 19 14:34:22 2012
End calculation at Wed Sep 19 14:36:17 2012

Done calculations in 54 s 1 m, 0 h
---------------
---------------
Start caclulation with 10 iterations at Wed Sep 19 14:36:17 2012
End calculation at Wed Sep 19 14:42:23 2012

Done calculations in 5 s 6 m, 0 h
---------------
---------------
Start caclulation with 10 iterations at Wed Sep 19 14:42:23 2012
End calculation at Wed Sep 19 14:45:15 2012

Done calculations in 52 s 2 m, 0 h
---------------
---------------
Start caclulation with 10 iterations at Wed Sep 19 14:45:15 2012
End calculation at Wed Sep 19 14:48:56 2012

Done calculations in 40 s 3 m, 0 h
---------------
---------------
Start caclulation with 10 iterations at Wed Sep 19 14:48:56 2012
End calculation at Wed Sep 19 14:53:26 2012

Done calculations in 29 s 4 m, 0 h
---------------
---------------
Start caclulation with 10 iterations at Wed Sep 19 14:53:26 2012
End calculation at Wed Sep 19 14:57:26 2012

Done calculations in 0 s 4 m, 0 h
---------------
---------------
Start caclulation with 10 iterations at Wed Sep 19 14:57:27 2012
End calculation at Wed Sep 19 15:01:26 2012

Done calculations in 59 s 3 m, 0 h
---------------
---------------
Start caclulation with 10 iterations at Wed Sep 19 15:01:26 2012
End calculation at Wed Sep 19 15:04:39 2012

Done calculations in 12 s 3 m, 0 h
---------------
---------------
Start caclulation with 10 iterations at Wed Sep 19 15:04:39 2012
End calculation at Wed Sep 19 15:10:10 2012

Done calculations in 30 s 5 m, 0 h
---------------
---------------
Start caclulation with 10 iterations at Wed Sep 19 15:10:10 2012
End calculation at Wed Sep 19 15:12:34 2012

Done calculations in 24 s 2 m, 0 h
---------------
---------------
Start caclulation with 10 iterations at Wed Sep 19 15:12:34 2012
End calculation at Wed Sep 19 15:16:29 2012

Done calculations in 55 s 3 m, 0 h
---------------
---------------
Start caclulation with 10 iterations at Wed Sep 19 15:16:29 2012
End calculation at Wed Sep 19 15:21:04 2012

Done calculations in 35 s 4 m, 0 h
---------------
---------------
Start caclulation with 10 iterations at Wed Sep 19 15:21:04 2012
End calculation at Wed Sep 19 15:26:29 2012

Done calculations in 25 s 5 m, 0 h
---------------
---------------
Start caclulation with 10 iterations at Wed Sep 19 15:26:30 2012
End calculation at Wed Sep 19 15:31:03 2012

Done calculations in 33 s 4 m, 0 h
---------------
---------------
Start caclulation with 10 iterations at Wed Sep 19 15:31:03 2012
End calculation at Wed Sep 19 15:35:43 2012

Done calculations in 39 s 4 m, 0 h
---------------
---------------
Start caclulation with 10 iterations at Wed Sep 19 15:35:43 2012
End calculation at Wed Sep 19 15:40:13 2012

Done calculations in 30 s 4 m, 0 h
---------------
---------------
Start caclulation with 10 iterations at Wed Sep 19 15:40:13 2012
End calculation at Wed Sep 19 15:45:49 2012

Done calculations in 35 s 5 m, 0 h
---------------
---------------
Start caclulation with 10 iterations at Wed Sep 19 15:45:49 2012
End calculation at Wed Sep 19 15:47:01 2012

Done calculations in 12 s 1 m, 0 h
---------------
---------------
Start caclulation with 10 iterations at Wed Sep 19 15:47:02 2012
End calculation at Wed Sep 19 15:50:57 2012

Done calculations in 55 s 3 m, 0 h
---------------
---------------
Start caclulation with 10 iterations at Wed Sep 19 15:50:57 2012
End calculation at Wed Sep 19 15:55:14 2012

Done calculations in 17 s 4 m, 0 h
---------------
---------------
Start caclulation with 10 iterations at Wed Sep 19 15:55:15 2012
End calculation at Wed Sep 19 15:58:25 2012

Done calculations in 10 s 3 m, 0 h
---------------
---------------
Start caclulation with 10 iterations at Wed Sep 19 15:58:25 2012
End calculation at Wed Sep 19 16:01:51 2012

Done calculations in 26 s 3 m, 0 h
---------------
---------------
Start caclulation with 10 iterations at Wed Sep 19 16:01:51 2012
End calculation at Wed Sep 19 16:05:20 2012

Done calculations in 28 s 3 m, 0 h
---------------
---------------
Start caclulation with 10 iterations at Wed Sep 19 16:05:20 2012
End calculation at Wed Sep 19 16:10:44 2012

Done calculations in 24 s 5 m, 0 h
---------------
---------------
Start caclulation with 10 iterations at Wed Sep 19 16:10:45 2012
End calculation at Wed Sep 19 16:13:53 2012

Done calculations in 8 s 3 m, 0 h
---------------
---------------
Start caclulation with 10 iterations at Wed Sep 19 16:13:53 2012
End calculation at Wed Sep 19 16:17:05 2012

Done calculations in 11 s 3 m, 0 h
---------------
---------------
Start caclulation with 10 iterations at Wed Sep 19 16:17:05 2012
End calculation at Wed Sep 19 16:19:57 2012

Done calculations in 52 s 2 m, 0 h
---------------
---------------
Start caclulation with 10 iterations at Wed Sep 19 16:19:57 2012
End calculation at Wed Sep 19 16:24:32 2012

Done calculations in 34 s 4 m, 0 h
---------------
---------------
Start caclulation with 10 iterations at Wed Sep 19 16:24:32 2012
End calculation at Wed Sep 19 16:27:43 2012

Done calculations in 11 s 3 m, 0 h
---------------
---------------
Start caclulation with 10 iterations at Wed Sep 19 16:27:43 2012
End calculation at Wed Sep 19 16:30:36 2012

Done calculations in 53 s 2 m, 0 h
---------------
---------------
Start caclulation with 10 iterations at Wed Sep 19 16:30:37 2012
End calculation at Wed Sep 19 16:33:07 2012

Done calculations in 30 s 2 m, 0 h
---------------
---------------
Start caclulation with 10 iterations at Wed Sep 19 16:33:07 2012
End calculation at Wed Sep 19 16:36:57 2012

Done calculations in 50 s 3 m, 0 h
---------------
---------------
Start caclulation with 10 iterations at Wed Sep 19 16:36:57 2012
End calculation at Wed Sep 19 16:39:06 2012

Done calculations in 8 s 2 m, 0 h
---------------
---------------
Start caclulation with 10 iterations at Wed Sep 19 16:39:06 2012
End calculation at Wed Sep 19 16:43:44 2012

Done calculations in 38 s 4 m, 0 h
---------------
---------------
Start caclulation with 10 iterations at Wed Sep 19 16:43:45 2012
End calculation at Wed Sep 19 16:49:27 2012

Done calculations in 41 s 5 m, 0 h
---------------
---------------
Start caclulation with 10 iterations at Wed Sep 19 16:49:27 2012
End calculation at Wed Sep 19 16:54:04 2012

Done calculations in 36 s 4 m, 0 h
---------------
---------------
Start caclulation with 10 iterations at Wed Sep 19 16:54:04 2012
End calculation at Wed Sep 19 17:00:39 2012

Done calculations in 35 s 6 m, 0 h
---------------
---------------
Start caclulation with 10 iterations at Wed Sep 19 17:00:39 2012
End calculation at Wed Sep 19 17:04:26 2012

Done calculations in 46 s 3 m, 0 h
---------------
---------------
Start caclulation with 10 iterations at Wed Sep 19 17:04:26 2012
End calculation at Wed Sep 19 17:07:04 2012

Done calculations in 38 s 2 m, 0 h
---------------
---------------
Start caclulation with 10 iterations at Wed Sep 19 17:07:04 2012
End calculation at Wed Sep 19 17:11:10 2012

Done calculations in 6 s 4 m, 0 h
---------------
---------------
Start caclulation with 10 iterations at Wed Sep 19 17:11:10 2012
End calculation at Wed Sep 19 17:14:22 2012

Done calculations in 11 s 3 m, 0 h
---------------
---------------
Start caclulation with 10 iterations at Wed Sep 19 17:14:22 2012
End calculation at Wed Sep 19 17:17:55 2012

Done calculations in 32 s 3 m, 0 h
---------------
---------------
Start caclulation with 10 iterations at Wed Sep 19 17:17:55 2012
End calculation at Wed Sep 19 17:23:05 2012

Done calculations in 10 s 5 m, 0 h
---------------
---------------
Start caclulation with 10 iterations at Wed Sep 19 17:23:05 2012
End calculation at Wed Sep 19 17:28:45 2012

Done calculations in 39 s 5 m, 0 h
---------------
---------------
Start caclulation with 10 iterations at Wed Sep 19 17:28:45 2012
End calculation at Wed Sep 19 17:34:19 2012

Done calculations in 33 s 5 m, 0 h
---------------
---------------
Start caclulation with 10 iterations at Wed Sep 19 17:34:19 2012
End calculation at Wed Sep 19 17:37:41 2012

Done calculations in 21 s 3 m, 0 h
---------------
---------------
Start caclulation with 11 iterations at Tue Sep 18 23:32:47 2012
---------------
Start caclulation with 21 iterations at Wed Sep 19 00:49:43 2012
---------------
Start caclulation with 10 iterations at Wed Sep 19 00:56:08 2012
---------------
Start caclulation with 10 iterations at Wed Sep 19 00:56:43 2012
---------------
Start caclulation with 10 iterations at Wed Sep 19 00:56:55 2012
---------------
Start caclulation with 10 iterations at Wed Sep 19 01:05:35 2012
---------------
Start caclulation with 10 iterations at Wed Sep 19 02:21:18 2012
---------------
Start caclulation with 10 iterations at Wed Sep 19 17:37:41 2012
---------------
Start caclulation with 10 iterations at Wed Sep 19 17:38:34 2012
